make --dry-run --keep-going --print-directory
make: Entering directory `/Users/brandonkynoch/Desktop/Projects/Drone'
cd Drone && /Library/Developer/CommandLineTools/usr/bin/make clean && /Library/Developer/CommandLineTools/usr/bin/make
 
make[1]: Entering directory `/Users/brandonkynoch/Desktop/Projects/Drone/Drone'
rm -r obj
mkdir obj
rm -r ../Globals/obj
mkdir ../Globals/obj
make[1]: Leaving directory `/Users/brandonkynoch/Desktop/Projects/Drone/Drone'
 
make[1]: Entering directory `/Users/brandonkynoch/Desktop/Projects/Drone/Drone'
make[1]: `output' is up to date.
make[1]: Leaving directory `/Users/brandonkynoch/Desktop/Projects/Drone/Drone'
 
cd ..
cd Server && /Library/Developer/CommandLineTools/usr/bin/make clean && /Library/Developer/CommandLineTools/usr/bin/make
 
make[1]: Entering directory `/Users/brandonkynoch/Desktop/Projects/Drone/Server'
rm -r obj
mkdir obj
rm -r ../Globals/obj
mkdir ../Globals/obj
 
make[1]: Leaving directory `/Users/brandonkynoch/Desktop/Projects/Drone/Server'
 
make[1]: Entering directory `/Users/brandonkynoch/Desktop/Projects/Drone/Server'
cc -c -o obj/server.o server.c -g -I./headers -I../Globals/headers -ljson-c -w
mkdir -p obj
cc -o output  obj/server.o  ../Globals/obj/drone_data.o  ../Globals/obj/utilities.o -g -I./headers -I../Globals/headers -ljson-c -w -lm
make[1]: Leaving directory `/Users/brandonkynoch/Desktop/Projects/Drone/Server'
 
make: Leaving directory `/Users/brandonkynoch/Desktop/Projects/Drone'
 
