make all --print-data-base --no-builtin-variables --no-builtin-rules --question
make: *** No rule to make target 'all'.  Stop.

# GNU Make 4.1
# Built for x86_64-pc-linux-gnu
# Copyright (C) 1988-2014 Free Software Foundation, Inc.
# License GPLv3+: GNU GPL version 3 or later <http://gnu.org/licenses/gpl.html>
# This is free software: you are free to change and redistribute it.
# There is NO WARRANTY, to the extent permitted by law.

# Make data base, printed on Sat May  7 17:30:42 2022

# Variables

# automatic
<D = $(patsubst %/,%,$(dir $<))
# automatic
?F = $(notdir $?)
# default
.SHELLFLAGS := -c
# environment
VSCODE_AGENT_FOLDER = /u/kynochb/.vscode-server
# environment
VSCODE_LOG_NATIVE = false
# automatic
?D = $(patsubst %/,%,$(dir $?))
# automatic
@D = $(patsubst %/,%,$(dir $@))
# automatic
@F = $(notdir $@)
# default
MAKE_VERSION := 4.1
# makefile
CURDIR := /u/kynochb/personal/Drone
# makefile
SHELL = /bin/sh
# environment
VSCODE_NLS_CONFIG = {"locale":"en","availableLanguages":{}}
# environment
_ = /u/kynochb/.vscode-server/bin/57fd6d0195bb9b9d1b49f6da5db789060795de47/node
# makefile
MAKEFILE_LIST := 
# 'override' directive
GNUMAKEFLAGS := 
# environment
XDG_DATA_DIRS = /usr/local/share:/usr/share:/var/lib/snapd/desktop
# environment
DBUS_SESSION_BUS_ADDRESS = unix:path=/run/user/40774/bus
# environment
VSCODE_VERBOSE_LOGGING = true
# environment
VSCODE_CWD = /u/kynochb
# environment
SSH_CONNECTION = 10.153.113.167 58403 128.83.130.111 22
# environment
PATH = /u/kynochb/.vscode-server/bin/57fd6d0195bb9b9d1b49f6da5db789060795de47/bin/remote-cli:/projects/cs439-norman/libraries/pintos:/projects/cs439-norman/libraries/bochs-2.6.11/bin:/lusr/bin:/sbin:/bin:/usr/sbin:/usr/bin:/usr/games:/usr/bin/mh:/lusr/share/hosts:/lusr/bin/tex:/lusr/games/bin:/lusr/opt/condor/bin:.
# environment
XDG_RUNTIME_DIR = /run/user/40774
# environment
UBUNTU_MENUPROXY = 1
# environment
VSCODE_LOG_STACK = false
# default
.FEATURES := target-specific order-only second-expansion else-if shortest-stem undefine oneshell archives jobserver output-sync check-symlink load
# automatic
%F = $(notdir $%)
# environment
VSCODE_PIPE_LOGGING = true
# environment
PWD = /u/kynochb/personal/Drone
# environment
VSCODE_IPC_HOOK_CLI = /run/user/40774/vscode-ipc-5bb2d144-7268-4212-aba2-7f4984c08244.sock
# automatic
*D = $(patsubst %/,%,$(dir $*))
# environment
GTK_MODULES = appmenu-gtk-module
# environment
MANPATH = :/opt/puppetlabs/puppet/share/man
# environment
VSCODE_AMD_ENTRYPOINT = vs/workbench/api/node/extensionHostProcess
# environment
HOME = /u/kynochb
# environment
LOGNAME = kynochb
# environment
APPLICATION_INSIGHTS_NO_DIAGNOSTIC_CHANNEL = 1
# automatic
+F = $(notdir $+)
# environment
VSCODE_HANDLES_UNCAUGHT_ERRORS = true
# automatic
^D = $(patsubst %/,%,$(dir $^))
# environment
MAKELEVEL := 0
# default
MAKE = $(MAKE_COMMAND)
# default
MAKECMDGOALS := all
# environment
SHLVL = 3
# environment
XDG_SESSION_ID = 10377
# environment
USER = kynochb
# makefile
.DEFAULT_GOAL := 
# automatic
%D = $(patsubst %/,%,$(dir $%))
# default
MAKE_COMMAND := make
# default
.VARIABLES := 
# automatic
*F = $(notdir $*)
# makefile
MAKEFLAGS = pqrR
# environment
MFLAGS = -pqrR
# environment
SSH_CLIENT = 10.153.113.167 58403 22
# environment
MAIL = /u/kynochb/mailbox
# automatic
+D = $(patsubst %/,%,$(dir $+))
# environment
BROWSER = /u/kynochb/.vscode-server/bin/57fd6d0195bb9b9d1b49f6da5db789060795de47/bin/helpers/browser.sh
# environment
S_COLORS = auto
# environment
VSCODE_HANDLES_SIGPIPE = true
# default
MAKEFILES := 
# automatic
<F = $(notdir $<)
# environment
PS1 = monopoly$ 
# environment
EDITOR = vi
# environment
LC_ALL = C
# automatic
^F = $(notdir $^)
# default
SUFFIXES := 
# default
.INCLUDE_DIRS = /usr/include /usr/local/include /usr/include
# default
.RECIPEPREFIX := 
# default
MAKE_HOST := x86_64-pc-linux-gnu
# environment
LANG = C
# environment
VSCODE_EXTHOST_WILL_SEND_SOCKET = true
# environment
QUOTING_STYLE = literal
# variable set hash-table stats:
# Load=71/1024=7%, Rehash=0, Collisions=9/93=10%

# Pattern-specific Variable Values

# No pattern-specific variable values.

# Directories

# . (device 62, inode 3961627453): 8 files, no impossibilities.

# 8 files, no impossibilities in 1 directories.

# Implicit Rules

# No implicit rules.

# Files

# Not a target:
all:
#  Command line target.
#  Implicit rule search has been done.
#  File does not exist.
#  File has not been updated.

# Not a target:
Makefile:
#  Implicit rule search has been done.
#  File does not exist.
#  File has been updated.
#  Failed to be updated.

# Not a target:
makefile:
#  Implicit rule search has been done.
#  File does not exist.
#  File has been updated.
#  Failed to be updated.

# Not a target:
.DEFAULT:
#  Implicit rule search has not been done.
#  Modification time never checked.
#  File has not been updated.

# Not a target:
GNUmakefile:
#  Implicit rule search has been done.
#  File does not exist.
#  File has been updated.
#  Failed to be updated.

# files hash-table stats:
# Load=6/1024=1%, Rehash=0, Collisions=0/15=0%
# VPATH Search Paths

# No 'vpath' search paths.

# No general ('VPATH' variable) search path.

# strcache buffers: 1 (0) / strings = 16 / storage = 135 B / avg = 8 B
# current buf: size = 8162 B / used = 135 B / count = 16 / avg = 8 B

# strcache performance: lookups = 19 / hit rate = 15%
# hash-table stats:
# Load=16/8192=0%, Rehash=0, Collisions=1/19=5%
# Finished Make data base on Sat May  7 17:30:42 2022

 
